<?xml version="1.0" encoding="UTF-8"?>
<testsuite name="com.github.bfalmeida.photosync.service.SyncServiceIntegrityTest" tests="2" skipped="0" failures="0" errors="0" timestamp="2026-06-30T20:03:42" hostname="hermes" time="0.352">
  <properties/>
  <testcase name="testValkeyDuplicateDetection()" classname="com.github.bfalmeida.photosync.service.SyncServiceIntegrityTest" time="0.344"/>
  <testcase name="testHashingService()" classname="com.github.bfalmeida.photosync.service.SyncServiceIntegrityTest" time="0.006"/>
  <system-out><![CDATA[
██╗      ██████╗  ██████╗ █████╗ ██╗         ██████╗ ██╗  ██╗ ██████╗ ████████╗ ██████╗     ███████╗██╗   ██╗███╗   ██╗ ██████╗
██║     ██╔═══██╗██╔════╝██╔══██╗██║         ██╔══██╗██║  ██║██╔═══██╗╚══██╔══╝██╔═══██╗    ██╔════╝╚██╗ ██╔╝████╗  ██║██╔════╝
██║     ██║   ██║██║     ███████║██║         ██████╔╝███████║██║   ██║   ██║   ██║   ██║    ███████╗ ╚████╔╝ ██╔██╗ ██║██║     
██║     ██║   ██║██║     ██╔══██║██║         ██╔═══╝ ██╔══██║██║   ██║   ██║   ██║   ██║    ╚════██║  ╚██╔╝  ██║╚██╗██║██║     
███████╗╚██████╔╝╚██████╗██║  ██║███████╗    ██║     ██║  ██║╚██████╔╝   ██║   ╚██████╔╝    ███████║   ██║   ██║ ╚████║╚██████╗
╚══════╝ ╚═════╝  ╚═════╝╚═╝  ╚═╝╚══════╝    ╚═╝     ╚═╝  ╚═╝ ╚═════╝    ╚═╝    ╚═════╝     ╚══════╝   ╚═╝   ╚═╝  ╚═══╝ ╚═════╝

]]></system-out>
  <system-err><![CDATA[]]></system-err>
</testsuite>
