<?xml version="1.0" encoding="UTF-8"?>
<testsuite name="com.github.bfalmeida.photosync.service.FilenameDateExtractorTest" tests="2" skipped="0" failures="0" errors="0" timestamp="2026-06-30T20:03:41" hostname="hermes" time="0.719">
  <properties/>
  <testcase name="testWhatsAppPattern()" classname="com.github.bfalmeida.photosync.service.FilenameDateExtractorTest" time="0.711"/>
  <testcase name="testExtractionAndCaching()" classname="com.github.bfalmeida.photosync.service.FilenameDateExtractorTest" time="0.004"/>
  <system-out><![CDATA[22:03:36.740 [Test worker] INFO org.springframework.test.context.support.AnnotationConfigContextLoaderUtils -- Could not detect default configuration classes for test class [com.github.bfalmeida.photosync.service.FilenameDateExtractorTest]: FilenameDateExtractorTest does not declare any static, non-private, non-final, nested classes annotated with @Configuration.
22:03:37.026 [Test worker] INFO org.springframework.boot.test.context.SpringBootTestContextBootstrapper -- Found @SpringBootConfiguration com.github.bfalmeida.photosync.PhotosyncApplication for test class com.github.bfalmeida.photosync.service.FilenameDateExtractorTest

██╗      ██████╗  ██████╗ █████╗ ██╗         ██████╗ ██╗  ██╗ ██████╗ ████████╗ ██████╗     ███████╗██╗   ██╗███╗   ██╗ ██████╗
██║     ██╔═══██╗██╔════╝██╔══██╗██║         ██╔══██╗██║  ██║██╔═══██╗╚══██╔══╝██╔═══██╗    ██╔════╝╚██╗ ██╔╝████╗  ██║██╔════╝
██║     ██║   ██║██║     ███████║██║         ██████╔╝███████║██║   ██║   ██║   ██║   ██║    ███████╗ ╚████╔╝ ██╔██╗ ██║██║     
██║     ██║   ██║██║     ██╔══██║██║         ██╔═══╝ ██╔══██║██║   ██║   ██║   ██║   ██║    ╚════██║  ╚██╔╝  ██║╚██╗██║██║     
███████╗╚██████╔╝╚██████╗██║  ██║███████╗    ██║     ██║  ██║╚██████╔╝   ██║   ╚██████╔╝    ███████║   ██║   ██║ ╚████║╚██████╗
╚══════╝ ╚═════╝  ╚═════╝╚═╝  ╚═╝╚══════╝    ╚═╝     ╚═╝  ╚═╝ ╚═════╝    ╚═╝    ╚═════╝     ╚══════╝   ╚═╝   ╚═╝  ╚═══╝ ╚═════╝

]]></system-out>
  <system-err><![CDATA[WARNING: A Java agent has been loaded dynamically (/root/.gradle/caches/modules-2/files-2.1/net.bytebuddy/byte-buddy-agent/1.14.13/979ce25f7d3096a2e82214ba7dc972a05ce7a171/byte-buddy-agent-1.14.13.jar)
WARNING: If a serviceability tool is in use, please run with -XX:+EnableDynamicAgentLoading to hide this warning
WARNING: If a serviceability tool is not in use, please run with -Djdk.instrument.traceUsage for more information
WARNING: Dynamic loading of agents will be disallowed by default in a future release
]]></system-err>
</testsuite>
