<?xml version="1.0" encoding="UTF-8"?>
<testsuite name="com.github.bfalmeida.photosync.ui.SpringComposeBridgeTest" tests="1" skipped="0" failures="0" errors="0" timestamp="2026-06-30T20:03:42" hostname="hermes" time="0.355">
  <properties/>
  <testcase name="test spring context bridge()" classname="com.github.bfalmeida.photosync.ui.SpringComposeBridgeTest" time="0.355"/>
  <system-out><![CDATA[
██╗      ██████╗  ██████╗ █████╗ ██╗         ██████╗ ██╗  ██╗ ██████╗ ████████╗ ██████╗     ███████╗██╗   ██╗███╗   ██╗ ██████╗
██║     ██╔═══██╗██╔════╝██╔══██╗██║         ██╔══██╗██║  ██║██╔═══██╗╚══██╔══╝██╔═══██╗    ██╔════╝╚██╗ ██╔╝████╗  ██║██╔════╝
██║     ██║   ██║██║     ███████║██║         ██████╔╝███████║██║   ██║   ██║   ██║   ██║    ███████╗ ╚████╔╝ ██╔██╗ ██║██║     
██║     ██║   ██║██║     ██╔══██║██║         ██╔═══╝ ██╔══██║██║   ██║   ██║   ██║   ██║    ╚════██║  ╚██╔╝  ██║╚██╗██║██║     
███████╗╚██████╔╝╚██████╗██║  ██║███████╗    ██║     ██║  ██║╚██████╔╝   ██║   ╚██████╔╝    ███████║   ██║   ██║ ╚████║╚██████╗
╚══════╝ ╚═════╝  ╚═════╝╚═╝  ╚═╝╚══════╝    ╚═╝     ╚═╝  ╚═╝ ╚═════╝    ╚═╝    ╚═════╝     ╚══════╝   ╚═╝   ╚═╝  ╚═══╝ ╚═════╝

]]></system-out>
  <system-err><![CDATA[]]></system-err>
</testsuite>
